0 info it worked if it ends with ok
1 verbose cli [ '/Users/jia/.nvm/versions/node/v6.6.0/bin/node',
1 verbose cli   '/Users/jia/.nvm/versions/node/v6.6.0/lib/node_modules/tnpm/node_modules/npm/bin/npm-cli.js',
1 verbose cli   '--cache=/Users/jia/.tnpm',
1 verbose cli   '--tmp=/Users/jia/.tnpm_tmp',
1 verbose cli   '--progress=false',
1 verbose cli   '--no-proxy',
1 verbose cli   '--disturl=https://tnpm-hz.oss-cn-hangzhou.aliyuncs.com/dist/node',
1 verbose cli   '--userconfig=/Users/jia/.tnpmrc',
1 verbose cli   '--registry=http://registry.npm.alibaba-inc.com',
1 verbose cli   'run',
1 verbose cli   'test' ]
2 info using npm@3.10.9
3 info using node@v6.6.0
4 verbose run-script [ 'pretest', 'test', 'posttest' ]
5 info lifecycle x-properties-loader@1.0.0~pretest: x-properties-loader@1.0.0
6 silly lifecycle x-properties-loader@1.0.0~pretest: no script for pretest, continuing
7 info lifecycle x-properties-loader@1.0.0~test: x-properties-loader@1.0.0
8 verbose lifecycle x-properties-loader@1.0.0~test: unsafe-perm in lifecycle true
9 verbose lifecycle x-properties-loader@1.0.0~test: PATH: /Users/jia/.nvm/versions/node/v6.6.0/lib/node_modules/tnpm/node_modules/npm/bin/node-gyp-bin:/Users/jia/Documents/projects/alipay/x-properties-loader/node_modules/.bin:/Users/jia/.nvm/versions/node/v6.6.0/bin:/usr/local/bin:/usr/bin:/bin:/usr/sbin:/sbin
10 verbose lifecycle x-properties-loader@1.0.0~test: CWD: /Users/jia/Documents/projects/alipay/x-properties-loader
11 silly lifecycle x-properties-loader@1.0.0~test: Args: [ '-c', 'npm run lint:css && npm run lint:js' ]
12 silly lifecycle x-properties-loader@1.0.0~test: Returned: code: 1  signal: null
13 info lifecycle x-properties-loader@1.0.0~test: Failed to exec test script
14 verbose stack Error: x-properties-loader@1.0.0 test: `npm run lint:css && npm run lint:js`
14 verbose stack Exit status 1
14 verbose stack     at EventEmitter.<anonymous> (/Users/jia/.nvm/versions/node/v6.6.0/lib/node_modules/tnpm/node_modules/npm/lib/utils/lifecycle.js:255:16)
14 verbose stack     at emitTwo (events.js:106:13)
14 verbose stack     at EventEmitter.emit (events.js:191:7)
14 verbose stack     at ChildProcess.<anonymous> (/Users/jia/.nvm/versions/node/v6.6.0/lib/node_modules/tnpm/node_modules/npm/lib/utils/spawn.js:40:14)
14 verbose stack     at emitTwo (events.js:106:13)
14 verbose stack     at ChildProcess.emit (events.js:191:7)
14 verbose stack     at maybeClose (internal/child_process.js:877:16)
14 verbose stack     at Process.ChildProcess._handle.onexit (internal/child_process.js:226:5)
15 verbose pkgid x-properties-loader@1.0.0
16 verbose cwd /Users/jia/Documents/projects/alipay/x-properties-loader
17 error Darwin 16.0.0
18 error argv "/Users/jia/.nvm/versions/node/v6.6.0/bin/node" "/Users/jia/.nvm/versions/node/v6.6.0/lib/node_modules/tnpm/node_modules/npm/bin/npm-cli.js" "--cache=/Users/jia/.tnpm" "--tmp=/Users/jia/.tnpm_tmp" "--progress=false" "--no-proxy" "--disturl=https://tnpm-hz.oss-cn-hangzhou.aliyuncs.com/dist/node" "--userconfig=/Users/jia/.tnpmrc" "--registry=http://registry.npm.alibaba-inc.com" "run" "test"
19 error node v6.6.0
20 error npm  v3.10.9
21 error code ELIFECYCLE
22 error x-properties-loader@1.0.0 test: `npm run lint:css && npm run lint:js`
22 error Exit status 1
23 error Failed at the x-properties-loader@1.0.0 test script 'npm run lint:css && npm run lint:js'.
23 error Make sure you have the latest version of node.js and npm installed.
23 error If you do, this is most likely a problem with the x-properties-loader package,
23 error not with npm itself.
23 error Tell the author that this fails on your system:
23 error     npm run lint:css && npm run lint:js
23 error You can get information on how to open an issue for this project with:
23 error     npm bugs x-properties-loader
23 error Or if that isn't available, you can get their info via:
23 error     npm owner ls x-properties-loader
23 error There is likely additional logging output above.
24 verbose exit [ 1, true ]
